{"C:\\Users\\DELL\\Desktop\\New folder\\skyshield-test\\src\\utils.js": {"path":"C:\\Users\\DELL\\Desktop\\New folder\\skyshield-test\\src\\utils.js","statementMap":{"0":{"start":{"line":2,"column":4},"end":{"line":2,"column":17}}},"fnMap":{"0":{"name":"suma","decl":{"start":{"line":1,"column":16},"end":{"line":1,"column":20}},"loc":{"start":{"line":1,"column":27},"end":{"line":3,"column":3}},"line":1}},"branchMap":{},"s":{"0":1},"f":{"0":1},"b":{},"_coverageSchema":"1a1c01bbd47fc00a2c39e90264f33305004495a9","hash":"edf2597e2bed2edf8b2183716fa1869a8b75be79"}
}
